<?xml version="1.0" encoding="UTF-8"?>
<!-- Generated by org.testng.reporters.JUnitXMLReporter -->
<testsuite ignored="0" hostname="Anees-PC" failures="0" tests="16" name="Test" time="50.421" errors="0" timestamp="2023-04-19T14:47:44 MYT">
  <testcase classname="com.in.testcases.AccountTest" name="currentBalance" time="4.341"/>
  <testcase classname="com.in.testcases.AccountTest" name="currentBalance" time="4.38"/>
  <testcase classname="com.in.testcases.AccountTest" name="currentBalance" time="4.31"/>
  <testcase classname="com.in.testcases.AccountTest" name="currentBalance" time="4.329"/>
  <testcase classname="com.in.testcases.AccountTest" name="currentBalance" time="4.321"/>
  <testcase classname="com.in.testcases.AccountTest" name="currentBalance" time="4.302"/>
  <testcase classname="com.in.testcases.AccountTest" name="currentBalance" time="4.3"/>
  <testcase classname="com.in.testcases.AddCustomerTest" name="addCustomer" time="1.62"/>
  <testcase classname="com.in.testcases.AddCustomerTest" name="addCustomer" time="0.765"/>
  <testcase classname="com.in.testcases.AddCustomerTest" name="addCustomer" time="0.892"/>
  <testcase classname="com.in.testcases.AddCustomerTest" name="addCustomer" time="0.786"/>
  <testcase classname="com.in.testcases.AddCustomerTest" name="addCustomer" time="0.763"/>
  <testcase classname="com.in.testcases.AddCustomerTest" name="addCustomer" time="0.739"/>
  <testcase classname="com.in.testcases.AddCustomerTest" name="addCustomer" time="0.99"/>
  <testcase classname="com.in.testcases.AddCustomerTest" name="deleteCustomer" time="0.438"/>
  <testcase classname="com.in.testcases.AddCustomerTest" name="deleteCustomer" time="0.286"/>
</testsuite> <!-- Test -->
